Build started 26/05/2015 5:17:56 PM.
     1>Project "C:\wdl-ol\IPlugExamples\Voltex\WDL\lice\lice.vcxproj" on node 2 (Build target(s)).
     1>ClCompile:
         C:\Program Files (x86)\Microsoft Visual Studio 12.0\VC\bin\CL.exe /c /I../zlib /ZI /nologo /W3 /WX- /Od /Oy- /D WIN32 /D _LIB /D PNG_USE_PNGVCRD /D PNG_LIBPNG_SPECIALBUILD /D __MMX__ /D PNG_HAVE_MMX_COMBINE_ROW /D PNG_HAVE_MMX_READ_INTERLACE /D PNG_HAVE_MMX_READ_FILTER_ROW /D _CRT_SECURE_NO_WARNINGS /D _MBCS /Gm /EHsc /RTC1 /MTd /GS /arch:SSE2 /fp:precise /Zc:wchar_t /Zc:forScope /Fo"build-win\Win32\Debug\\" /Fd"build-win\Win32\Debug\vc120.pdb" /Gd /TC /wd4996 /wd4250 /wd4018 /wd4267 /analyze- /errorReport:prompt ..\libpng\pngset.c
         pngset.c
         C:\Program Files (x86)\Microsoft Visual Studio 12.0\VC\bin\CL.exe /c /I../zlib /ZI /nologo /W3 /WX- /Od /Oy- /D WIN32 /D _LIB /D PNG_USE_PNGVCRD /D PNG_LIBPNG_SPECIALBUILD /D __MMX__ /D PNG_HAVE_MMX_COMBINE_ROW /D PNG_HAVE_MMX_READ_INTERLACE /D PNG_HAVE_MMX_READ_FILTER_ROW /D _CRT_SECURE_NO_WARNINGS /D _MBCS /Gm /EHsc /RTC1 /MTd /GS /arch:SSE2 /fp:precise /Zc:wchar_t /Zc:forScope /Fo"build-win\Win32\Debug\\" /Fd"build-win\Win32\Debug\vc120.pdb" /Gd /TP /wd4996 /wd4250 /wd4018 /wd4267 /analyze- /errorReport:prompt ..\lice\lice.cpp ..\lice\lice_arc.cpp ..\lice\lice_colorspace.cpp ..\lice\lice_line.cpp ..\lice\lice_palette.cpp ..\lice\lice_png.cpp ..\lice\lice_texgen.cpp ..\lice\lice_textnew.cpp
         lice_textnew.cpp
         lice_texgen.cpp
     1>c:\wdl-ol\iplugexamples\voltex\wdl\lice\lice_texgen.cpp(332): warning C4244: 'argument' : conversion from 'int' to 'float', possible loss of data
     1>c:\wdl-ol\iplugexamples\voltex\wdl\lice\lice_texgen.cpp(333): warning C4244: 'initializing' : conversion from 'double' to 'float', possible loss of data
         lice_png.cpp
         lice_palette.cpp
         lice_line.cpp
         lice_colorspace.cpp
         lice_arc.cpp
         lice.cpp
         Generating Code...
       Lib:
         C:\Program Files (x86)\Microsoft Visual Studio 12.0\VC\bin\Lib.exe /OUT:"build-win\Win32\Debug\lice.lib" /NOLOGO "build-win\Win32\Debug\png.obj"
         "build-win\Win32\Debug\pngerror.obj"
         "build-win\Win32\Debug\pngget.obj"
         "build-win\Win32\Debug\pngmem.obj"
         "build-win\Win32\Debug\pngpread.obj"
         "build-win\Win32\Debug\pngread.obj"
         "build-win\Win32\Debug\pngrio.obj"
         "build-win\Win32\Debug\pngrtran.obj"
         "build-win\Win32\Debug\pngrutil.obj"
         "build-win\Win32\Debug\pngset.obj"
         "build-win\Win32\Debug\pngtrans.obj"
         "build-win\Win32\Debug\pngwio.obj"
         "build-win\Win32\Debug\pngwrite.obj"
         "build-win\Win32\Debug\pngwtran.obj"
         "build-win\Win32\Debug\pngwutil.obj"
         "build-win\Win32\Debug\lice.obj"
         "build-win\Win32\Debug\lice_arc.obj"
         "build-win\Win32\Debug\lice_colorspace.obj"
         "build-win\Win32\Debug\lice_line.obj"
         "build-win\Win32\Debug\lice_palette.obj"
         "build-win\Win32\Debug\lice_png.obj"
         "build-win\Win32\Debug\lice_texgen.obj"
         "build-win\Win32\Debug\lice_textnew.obj"
         "build-win\Win32\Debug\adler32.obj"
         "build-win\Win32\Debug\compress.obj"
         "build-win\Win32\Debug\crc32.obj"
         "build-win\Win32\Debug\deflate.obj"
         "build-win\Win32\Debug\gzclose.obj"
         "build-win\Win32\Debug\gzlib.obj"
         "build-win\Win32\Debug\gzread.obj"
         "build-win\Win32\Debug\gzwrite.obj"
         "build-win\Win32\Debug\infback.obj"
         "build-win\Win32\Debug\inffast.obj"
         "build-win\Win32\Debug\inflate.obj"
         "build-win\Win32\Debug\inftrees.obj"
         "build-win\Win32\Debug\trees.obj"
         "build-win\Win32\Debug\uncompr.obj"
         "build-win\Win32\Debug\zutil.obj"
         lice.vcxproj -> C:\wdl-ol\IPlugExamples\Voltex\WDL\lice\build-win\Win32\Debug\lice.lib
     1>Done Building Project "C:\wdl-ol\IPlugExamples\Voltex\WDL\lice\lice.vcxproj" (Build target(s)).

Build succeeded.

Time Elapsed 00:00:10.92
