Build started 4/27/2015 10:17:45 AM.
Project "Z:\plugin-development\Voltex\WDL\IPlug\IPlug.vcxproj" on node 3 (Build target(s)).
ClCompile:
  C:\Program Files (x86)\Microsoft Visual Studio 12.0\VC\bin\x86_amd64\CL.exe /c /Zi /nologo /W3 /WX- /Od /D _DEBUG /D WIN32 /D _CRT_SECURE_NO_DEPRECATE /D _CRT_NONSTDC_NO_DEPRECATE /D _MBCS /Gm /EHsc /RTC1 /MTd /GS /arch:SSE2 /fp:precise /Zc:wchar_t /Zc:forScope /Fo"build-win\x64\Debug\\" /Fd"build-win\x64\Debug\vc120.pdb" /Gd /TP /wd4996 /wd4250 /wd4018 /wd4267 /errorReport:prompt Hosts.cpp IBitmapMonoText.cpp IControl.cpp IGraphics.cpp IGraphicsWin.cpp IParam.cpp IPlugBase.cpp IPlugStructs.cpp IPopupMenu.cpp Log.cpp
cl : Command line warning D9002: ignoring unknown option '/arch:SSE2'
  Log.cpp
  IPopupMenu.cpp
  IPlugStructs.cpp
  IPlugBase.cpp
z:\plugin-development\voltex\wdl\iplug\../base64encdec.h(66): warning C4244: 'return' : conversion from '__int64' to 'int', possible loss of data
  IParam.cpp
  IGraphicsWin.cpp
  IGraphics.cpp
  IControl.cpp
  IBitmapMonoText.cpp
  Hosts.cpp
  Generating Code...
Lib:
  C:\Program Files (x86)\Microsoft Visual Studio 12.0\VC\bin\x86_amd64\Lib.exe /OUT:"build-win\x64\Debug\IPlug.lib" wininet.lib /LIBPATH:"C:\Program Files\Microsoft SDKs\Windows\v7.1\Lib\x64" /LIBPATH:"C:\Program Files (x86)\Microsoft SDKs\Windows\v7.1\Lib\x64" /NOLOGO /MACHINE:X64 "build-win\x64\Debug\Hosts.obj"
  "build-win\x64\Debug\IBitmapMonoText.obj"
  "build-win\x64\Debug\IControl.obj"
  "build-win\x64\Debug\IGraphics.obj"
  "build-win\x64\Debug\IGraphicsWin.obj"
  "build-win\x64\Debug\IParam.obj"
  "build-win\x64\Debug\IPlugBase.obj"
  "build-win\x64\Debug\IPlugStructs.obj"
  "build-win\x64\Debug\IPopupMenu.obj"
  "build-win\x64\Debug\Log.obj"
  IPlug.vcxproj -> Z:\plugin-development\Voltex\WDL\IPlug\build-win\x64\Debug\IPlug.lib
Done Building Project "Z:\plugin-development\Voltex\WDL\IPlug\IPlug.vcxproj" (Build target(s)).

Build succeeded.

Time Elapsed 00:05:30.50
